Fetching info for 404 companies...

[1/404] AAPL - Apple Inc.
  ✓ Description  ✗ Website
[2/404] ABBV - AbbVie Inc.
  ✓ Description  ✗ Website
[3/404] ABT - ABBOTT LABORATORIES
  ✗ No info found
[4/404] ADI - ANALOG DEVICES INC
  ✗ No info found
[5/404] ADM - Archer-Daniels-Midland Co
  ✓ Description  ✗ Website
[6/404] ADP - AUTOMATIC DATA PROCESSING INC
  ✗ No info found
[7/404] AEP - AMERICAN ELECTRIC POWER CO INC
  ✗ No info found
[8/404] AES - AES CORP
  ✗ No info found
[9/404] AFL - AFLAC INC
  ✗ No info found
[10/404] AIG - AMERICAN INTERNATIONAL GROUP, INC.
  ✗ No info found
[11/404] AIZ - ASSURANT, INC.
  ✗ No info found
[12/404] AJG - Arthur J. Gallagher & Co.
  ✓ Description  ✗ Website
[13/404] AKR - ACADIA REALTY TRUST
  ✗ No info found
[14/404] ALB - ALBEMARLE CORP
  ✓ Description  ✗ Website
[15/404] AMAT - APPLIED MATERIALS INC /DE
  ✗ No info found
[16/404] AMGN - AMGEN INC
  ✓ Description  ✗ Website
[17/404] AMP - BATTERY INTELLIGENCE INC
  ✗ No info found
[18/404] AMPH - Amphastar Pharmaceuticals, Inc.
  ✗ No info found
[19/404] AMT - AMERICAN TOWER CORP /MA/
  ✗ No info found
[20/404] AMZN - AMAZON COM INC
  ✗ No info found
[21/404] ANDE - Andersons, Inc.
  ✗ No info found
[22/404] AON - Aon plc
  ✓ Description  ✗ Website
[23/404] AOS - SMITH A O CORP
  ✗ No info found
[24/404] APA - APACHE CORP
  ✗ No info found
[25/404] APD - Air Products & Chemicals, Inc.
  ✓ Description  ✗ Website
[26/404] APH - AMPHENOL CORP /DE/
  ✗ No info found
[27/404] APLE - Chefs' Warehouse, Inc.
  ✗ No info found
[28/404] ARCC - GLOBAL EARTH ENERGY, INC.
  ✗ No info found
[29/404] ARR - NEWMAN HARVEY
  ✗ No info found
[30/404] ATO - ATMOS ENERGY CORP
  ✗ No info found
[31/404] AUB - Atlantic Union Bankshares Corp
  ✓ Description  ✗ Website
[32/404] AVB - AVALONBAY COMMUNITIES INC
  ✗ No info found
[33/404] AVGO - Broadcom Inc.
  ✓ Description  ✗ Website
[34/404] AVK - ADVENT CONVERTIBLE & INCOME FUND
  ✗ No info found
[35/404] AVY - Avery Dennison Corp
  ✓ Description  ✗ Website
[36/404] AWK - American Water Works Company, Inc.
  ✓ Description  ✗ Website
[37/404] AWR - WEST PHARMACEUTICAL SERVICES INC
  ✗ No info found
[38/404] AXP - AMERICAN EXPRESS CO
  ✗ No info found
[39/404] AXS - AXIS CAPITAL HOLDINGS LTD
  ✗ No info found
[40/404] AZO - AUTOZONE INC
  ✗ No info found
[41/404] BA - BOEING CO
  ✗ No info found
[42/404] BAC - BANK OF AMERICA CORP /DE/
  ✗ No info found
[43/404] BBD - BANK BRADESCO
  ✗ No info found
[44/404] BDX - BECTON DICKINSON & CO
  ✗ No info found
[45/404] BEN - FRANKLIN RESOURCES INC
  ✗ No info found
[46/404] BEP - Brookfield Renewable Partners L.P.
  ✓ Description  ✗ Website
[47/404] BFS - SAUL CENTERS, INC.
  ✗ No info found
[48/404] BG - BERKSHIRE HATHAWAY INC
  ✗ No info found
[49/404] BHV - BLACKROCK VIRGINIA MUNICIPAL BOND TRUST
  ✗ No info found
[50/404] BIIB - BIOGEN INC.
  ✗ No info found
[51/404] BK - Bank of New York Mellon Corp
  ✓ Description  ✗ Website
[52/404] BKH - BLACK HILLS CORP /SD/
  ✗ No info found
[53/404] BKR - Baker Hughes Co
  ✓ Description  ✗ Website
[54/404] BKU - BankUnited, Inc.
  ✓ Description  ✗ Website
[55/404] BLK - BlackRock Finance, Inc.
  ✗ No info found
[56/404] BMR - BADGER METER INC
  ✗ No info found
[57/404] BMY - BRISTOL MYERS SQUIBB CO
  ✗ No info found
[58/404] BTI - DORFMAN SECURITIES INC
  ✗ No info found
[59/404] BXP - BOSTON PROPERTIES LTD PARTNERSHIP
  ✗ No info found
[60/404] C - CITIGROUP INC
  ✗ No info found
[61/404] CAH - CARDINAL HEALTH INC
  ✗ No info found
[62/404] CARR - CARRIER GLOBAL Corp
  ✗ No info found
[63/404] CAT - CATERPILLAR INC
  ✗ No info found
[64/404] CB - Chubb Ltd
  ✓ Description  ✗ Website
[65/404] CBSH - CAMDEN PROPERTY TRUST
  ✗ No info found
[66/404] CCI - CROWN CASTLE INC.
  ✗ No info found
[67/404] CE - Celanese Corp
  ✓ Description  ✗ Website
[68/404] CF - CF Industries Holdings, Inc.
  ✓ Description  ✗ Website
[69/404] CFG - CITIZENS FINANCIAL GROUP INC/RI
  ✗ No info found
[70/404] CHCT - Peppertree Capital Fund IV, LP
  ✗ No info found
[71/404] CHD - CHURCH & DWIGHT CO INC /DE/
  ✗ No info found
[72/404] CHRW - C. H. ROBINSON WORLDWIDE, INC.
  ✗ No info found
[73/404] CHT - OVERLOOK APARTMENTS LIMITED LIABILITY CO
  ✗ No info found
[74/404] CINF - CINCINNATI FINANCIAL CORP
  ✗ No info found
[75/404] CL - COLGATE PALMOLIVE CO
  ✗ No info found
[76/404] CLX - CLOROX CO /DE/
  ✗ No info found
[77/404] CMA - COMERICA INC
  ✗ No info found
[78/404] CME - CME GROUP INC.
  ✗ No info found
[79/404] CMI - CUMMINS INC
  ✗ No info found
[80/404] CNA - CNA FINANCIAL CORP
  ✗ No info found
[81/404] CNP - CENTERPOINT ENERGY INC
  ✗ No info found
[82/404] CNS - Seagen Inc.
  ✓ Description  ✗ Website
[83/404] CNX - CNX Resources Corp
  ✓ Description  ✗ Website
[84/404] COF - CAPITAL ONE FINANCIAL CORP
  ✗ No info found
[85/404] COP - CONOCOPHILLIPS
  ✗ No info found
[86/404] COST - COSTCO WHOLESALE CORP /NEW
  ✗ No info found
[87/404] CPB - CAMPBELL'S Co
  ✗ No info found
[88/404] CPRI - Capri Holdings Ltd
  ✓ Description  ✗ Website
[89/404] CRM - Salesforce, Inc.
  ✓ Description  ✗ Website
[90/404] CSCO - CISCO SYSTEMS, INC.
  ✗ No info found
[91/404] CSGP - COSTAR GROUP, INC.
  ✗ No info found
[92/404] CSL - CARLISLE COMPANIES INC
  ✗ No info found
[93/404] CSX - CSX CORP
  ✗ No info found
[94/404] CTAS - CINTAS CORP
  ✗ No info found
[95/404] CTRA - Mallinckrodt plc
  ✓ Description  ✗ Website
[96/404] CTSH - COGNIZANT TECHNOLOGY SOLUTIONS CORP
  ✗ No info found
[97/404] CVS - CVS HEALTH Corp
  ✗ No info found
[98/404] CVX - CHEVRON CORP
  ✗ No info found
[99/404] CW - CURTISS WRIGHT CORP
  ✗ No info found
[100/404] D - DOMINION ENERGY, INC
  ✗ No info found
[101/404] DE - DEERE & CO
  ✗ No info found
[102/404] DFS - Discover Financial Services
  ✓ Description  ✗ Website
[103/404] DG - DOLLAR GENERAL CORP
  ✗ No info found
[104/404] DHI - HORTON D R INC /DE/
  ✗ No info found
[105/404] DHR - DANAHER CORP /DE/
  ✗ No info found
[106/404] DIS - Walt Disney Co
  ✓ Description  ✗ Website
[107/404] DLHC - Moatable, Inc.
  ✗ No info found
[108/404] DLR - DIGITAL REALTY TRUST, INC.
  ✗ No info found
[109/404] DOC - Alcoa Corp
  ✓ Description  ✗ Website
[110/404] DOV - DOVER Corp
  ✗ No info found
[111/404] DOW - DOW INC.
  ✗ No info found
[112/404] DRI - DARDEN RESTAURANTS INC
  ✗ No info found
[113/404] DUK - Duke Energy CORP
  ✗ No info found
[114/404] DVN - DEVON ENERGY CORP/DE
  ✗ No info found
[115/404] DXC - DXC Technology Co
  ✓ Description  ✗ Website
[116/404] EAT - BRINKER INTERNATIONAL, INC
  ✗ No info found
[117/404] ECL - ECOLAB INC.
  ✗ No info found
[118/404] ED - CONSOLIDATED EDISON INC
  ✗ No info found
[119/404] EIX - SOUTHERN CALIFORNIA EDISON Co
  ✗ No info found
[120/404] EL - ESTEE LAUDER COMPANIES INC
  ✗ No info found
[121/404] EMN - EASTMAN CHEMICAL CO
  ✗ No info found
[122/404] EMR - EMERSON ELECTRIC CO
  ✗ No info found
[123/404] ENB - Extra Space Storage Inc.
  ✓ Description  ✗ Website
[124/404] EOG - BREAD FINANCIAL HOLDINGS, INC.
  ✗ No info found
[125/404] EPD - ENTERPRISE PRODUCTS PARTNERS L.P.
  ✗ No info found
[126/404] EQIX - EQUINIX INC
  ✗ No info found
[127/404] EQR - EQUITY RESIDENTIAL
  ✗ No info found
[128/404] ERIE - ERIE INDEMNITY CO
  ✗ No info found
[129/404] ES - EVERSOURCE ENERGY
  ✗ No info found
[130/404] ESRT - Foresight Energy LP
  ✗ No info found
[131/404] ESS - ESSEX PROPERTY TRUST, INC.
  ✗ No info found
[132/404] ETN - Eaton Corp plc
  ✗ No info found
[133/404] ETR - ENTERGY CORP /DE/
  ✗ No info found
[134/404] EVRG - Evergy, Inc.
  ✓ Description  ✗ Website
[135/404] EXC - EXELON CORP
  ✗ No info found
[136/404] EXPD - EXPEDITORS INTERNATIONAL OF WASHINGTON INC
  ✗ No info found
[137/404] F - FORD MOTOR CO
  ✗ No info found
[138/404] FANG - Diamondback Energy, Inc.
  ✗ No info found
[139/404] FCX - FREEPORT-MCMORAN INC
  ✗ No info found
[140/404] FDX - FEDEX CORP
  ✗ No info found
[141/404] FE - FIRSTENERGY CORP
  ✗ No info found
[142/404] FHN - FIRST HORIZON CORP
  ✗ No info found
[143/404] FITB - FIFTH THIRD BANCORP
  ✓ Description  ✗ Website
[144/404] FLR - FLUOR CORP
  ✗ No info found
[145/404] FLS - FLOWSERVE CORP
  ✗ No info found
[146/404] FNF - Fidelity National Financial, Inc.
  ✓ Description  ✗ Website
[147/404] FRT - FEDERAL REALTY INVESTMENT TRUST
  ✗ No info found
[148/404] FSK - TOMA GEORGE B
  ✗ No info found
[149/404] FTV - Fortive Corp
  ✓ Description  ✗ Website
[150/404] GD - GENERAL DYNAMICS CORP
  ✗ No info found
[151/404] GE - GENERAL ELECTRIC CO
  ✗ No info found
[152/404] GILD - GILEAD SCIENCES, INC.
  ✗ No info found
[153/404] GIS - GENERAL MILLS INC
  ✗ No info found
[154/404] GL - PRUDENTIAL FINANCIAL INC
  ✗ No info found
[155/404] GLW - CORNING INC /NY
  ✗ No info found
[156/404] GM - General Motors Co
  ✓ Description  ✗ Website
[157/404] GOOD - MCNIFFE CHRIS J
  ✗ No info found
[158/404] GOOGL - Alphabet Inc.
  ✓ Description  ✗ Website
[159/404] GPC - GENUINE PARTS CO
  ✗ No info found
[160/404] GPK - LYNCH ROBERT L
  ✗ No info found
[161/404] GRMN - GARMIN LTD
  ✗ No info found
[162/404] GS - GOLDMAN SACHS GROUP INC
  ✗ No info found
[163/404] GSBD - CapitalSouth SBIC Fund IV, L.P.
  ✗ No info found
[164/404] GWW - W.W. GRAINGER, INC.
  ✗ No info found
[165/404] HAL - HALLIBURTON CO
  ✗ No info found
[166/404] HBAN - HUNTINGTON BANCSHARES INC /MD/
  ✗ No info found
[167/404] HBI - Hanesbrands Inc.
  ✓ Description  ✗ Website
[168/404] HD - HOME DEPOT, INC.
  ✗ No info found
[169/404] HIG - HARTFORD INSURANCE GROUP, INC.
  ✗ No info found
[170/404] HLT - Hilton Worldwide Holdings Inc.
  ✓ Description  ✗ Website
[171/404] HOG - HARLEY-DAVIDSON, INC.
  ✗ No info found
[172/404] HON - HONEYWELL INTERNATIONAL INC
  ✗ No info found
[173/404] HPE - Hewlett Packard Enterprise Co
  ✓ Description  ✗ Website
[174/404] HPQ - HP INC
  ✗ No info found
[175/404] HRB - H&R BLOCK INC
  ✗ No info found
[176/404] HRL - HORMEL FOODS CORP /DE/
  ✗ No info found
[177/404] HST - HOST HOTELS & RESORTS, INC.
  ✗ No info found
[178/404] HSY - HERSHEY CO
  ✗ No info found
[179/404] HUM - HUMANA INC
  ✗ No info found
[180/404] IBM - INTERNATIONAL BUSINESS MACHINES CORP
  ✗ No info found
[181/404] ICE - Intercontinental Exchange Holdings, Inc.
  ✗ No info found
[182/404] IEX - EDGEWELL PERSONAL CARE Co
  ✗ No info found
[183/404] IFF - INTERNATIONAL FLAVORS & FRAGRANCES INC
  ✗ No info found
[184/404] INTC - INTEL CORP
  ✗ No info found
[185/404] IP - INTERNATIONAL PAPER CO /NEW/
  ✗ No info found
[186/404] IPG - INTERPUBLIC GROUP OF COMPANIES, INC.
  ✗ No info found
[187/404] IRM - IRON MOUNTAIN INC
  ✗ No info found
[188/404] ISRG - INTUITIVE SURGICAL INC
  ✗ No info found
[189/404] IT - Proto Labs Inc
  ✓ Description  ✗ Website
[190/404] ITW - ILLINOIS TOOL WORKS INC
  ✗ No info found
[191/404] J - BRANDYWINE REALTY TRUST
  ✗ No info found
[192/404] JCI - Johnson Controls International plc
  ✓ Description  ✗ Website
[193/404] JEF - Jefferies Group LLC
  ✓ Description  ✗ Website
[194/404] JNJ - Johnson & Johnson
  ✓ Description  ✗ Website
[195/404] JPM - JPMORGAN CHASE & CO
  ✗ No info found
[196/404] K - KELLANOVA
  ✗ No info found
[197/404] KEY - KEYCORP /NEW/
  ✗ No info found
[198/404] KHC - Kraft Heinz Co
  ✓ Description  ✗ Website
[199/404] KIM - KIMCO REALTY CORP
  ✗ No info found
[200/404] KLAC - KLA CORP
  ✗ No info found
[201/404] KMB - KIMBERLY CLARK CORP
  ✗ No info found
[202/404] KMI - KINDER MORGAN, INC.
  ✗ No info found
[203/404] KO - COCA COLA CO
  ✗ No info found
[204/404] KR - KROGER CO
  ✗ No info found
[205/404] KWR - KENNAMETAL INC
  ✗ No info found
[206/404] L - LOEWS CORP
  ✗ No info found
[207/404] LAD - Option Care Health, Inc.
  ✗ No info found
[208/404] LAND - Invesco Mortgage Capital Inc.
  ✗ No info found
[209/404] LEG - LEGGETT & PLATT INC
  ✗ No info found
[210/404] LH - LABCORP HOLDINGS INC.
  ✗ No info found
[211/404] LHX - STERIS plc
  ✓ Description  ✗ Website
[212/404] LIN - LINDE PLC
  ✗ No info found
[213/404] LLY - ELI LILLY & Co
  ✗ No info found
[214/404] LMT - LOCKHEED MARTIN CORP
  ✗ No info found
[215/404] LNC - LINCOLN NATIONAL CORP
  ✗ No info found
[216/404] LNT - ALLIANT ENERGY CORP
  ✗ No info found
[217/404] LOW - LOWES COMPANIES INC
  ✗ No info found
[218/404] LRCX - LAM RESEARCH CORP
  ✗ No info found
[219/404] LTC - LXP Industrial Trust
  ✗ No info found
[220/404] LYB - LyondellBasell Industries N.V.
  ✓ Description  ✗ Website
[221/404] MA - Mastercard Inc
  ✓ Description  ✗ Website
[222/404] MAIN - Insightful Solutions, LLC
  ✗ No info found
[223/404] MCD - MCDONALDS CORP
  ✗ No info found
[224/404] MCHP - MICROCHIP TECHNOLOGY INC
  ✗ No info found
[225/404] MCO - MOODYS CORP /DE/
  ✗ No info found
[226/404] MDLZ - Mondelez International, Inc.
  ✗ No info found
[227/404] MDT - Medtronic plc
  ✓ Description  ✗ Website
[228/404] MDU - MDU RESOURCES GROUP INC
  ✗ No info found
[229/404] MET - METLIFE INC
  ✗ No info found
[230/404] META - Meta Platforms, Inc.
  ✓ Description  ✗ Website
[231/404] MGEE - MGE ENERGY INC
  ✗ No info found
[232/404] MGM - MGM Resorts International
  ✓ Description  ✗ Website
[233/404] MHK - MOHAWK INDUSTRIES INC
  ✗ No info found
[234/404] MKC - MCCORMICK & CO INC
  ✗ No info found
[235/404] MMC - MARSH & MCLENNAN COMPANIES, INC.
  ✗ No info found
[236/404] MMM - 3M CO
  ✗ No info found
[237/404] MMP - EP Energy Brazil, L.L.C.
  ✗ No info found
[238/404] MNST - Monster Beverage Corp
  ✓ Description  ✗ Website
[239/404] MO - ALTRIA GROUP, INC.
  ✗ No info found
[240/404] MOS - MOSAIC CO
  ✗ No info found
[241/404] MPC - Marathon Petroleum Corp
  ✓ Description  ✗ Website
[242/404] MRK - Merck & Co., Inc.
  ✓ Description  ✗ Website
[243/404] MRVL - MARVELL TECHNOLOGY GROUP LTD
  ✗ No info found
[244/404] MS - MORGAN STANLEY
  ✓ Description  ✗ Website
[245/404] MSCI - MSCI Inc.
  ✓ Description  ✗ Website
[246/404] MSEX - MIDDLESEX WATER CO
  ✗ No info found
[247/404] MSFT - MICROSOFT CORP
  ✗ No info found
[248/404] MTB - M&T BANK CORP
  ✗ No info found
[249/404] MUR - MURPHY OIL CORP
  ✗ No info found
[250/404] NDAQ - NASDAQ, INC.
  ✗ No info found
[251/404] NDSN - NORDSON CORP
  ✗ No info found
[252/404] NEE - NEXTERA ENERGY INC
  ✗ No info found
[253/404] NEM - NEWMONT Corp /DE/
  ✗ No info found
[254/404] NFG - NATIONAL FUEL GAS CO
  ✗ No info found
[255/404] NI - POTOMAC ELECTRIC POWER CO
  ✗ No info found
[256/404] NKE - NIKE, Inc.
  ✓ Description  ✗ Website
[257/404] NOC - NORTHROP GRUMMAN CORP /DE/
  ✗ No info found
[258/404] NOG - NORTHERN OIL & GAS, INC.
  ✗ No info found
[259/404] NPK - NPK International Inc.
  ✗ No info found
[260/404] NRG - NRG ENERGY, INC.
  ✗ No info found
[261/404] NSC - NORFOLK SOUTHERN CORP
  ✗ No info found
[262/404] NTAP - NetApp, Inc.
  ✓ Description  ✗ Website
[263/404] NTR - CallRail, Inc.
  ✗ No info found
[264/404] NTRS - NORTHERN TRUST CORP
  ✗ No info found
[265/404] NVDA - NVIDIA CORP
  ✗ No info found
[266/404] NWL - NEWELL BRANDS INC.
  ✗ No info found
[267/404] O - REALTY INCOME CORP
  ✗ No info found
[268/404] OGE - OGE ENERGY CORP.
  ✗ No info found
[269/404] OGS - Forida East Coast Railway L.L.C.
  ✗ No info found
[270/404] OKE - ONEOK INC /NEW/
  ✗ No info found
[271/404] OMC - OMNICOM GROUP INC.
  ✗ No info found
[272/404] ORC - GMO Multi Strategy Fund Offshore II Great Britain Pound
  ✗ No info found
[273/404] ORCL - ORACLE CORP
  ✗ No info found
[274/404] ORLY - O REILLY AUTOMOTIVE INC
  ✗ No info found
[275/404] OTIS - Otis Worldwide Corp
  ✓ Description  ✗ Website
[276/404] OXY - OCCIDENTAL PETROLEUM CORP /DE/
  ✗ No info found
[277/404] PAYX - PAYCHEX INC
  ✗ No info found
[278/404] PCAR - PACCAR INC
  ✗ No info found
[279/404] PCG - PG&E Corp
  ✓ Description  ✗ Website
[280/404] PDM - WANG YUI LOONG
  ✗ No info found
[281/404] PEP - PEPSICO INC
  ✗ No info found
[282/404] PFE - PFIZER INC
  ✗ No info found
[283/404] PFG - PRINCIPAL FINANCIAL GROUP INC
  ✗ No info found
[284/404] PG - PROCTER & GAMBLE Co
  ✗ No info found
[285/404] PGR - PROGRESSIVE CORP/OH/
  ✗ No info found
[286/404] PGRE - Osborne, Jr. Charles F
  ✗ No info found
[287/404] PH - Parker-Hannifin Corp
  ✓ Description  ✗ Website
[288/404] PHM - PULTEGROUP INC/MI/
  ✗ No info found
[289/404] PLD - Prologis, Inc.
  ✓ Description  ✗ Website
[290/404] PM - Philip Morris International Inc.
  ✓ Description  ✗ Website
[291/404] PNC - PNC FINANCIAL SERVICES GROUP, INC.
  ✗ No info found
[292/404] PNW - ARIZONA PUBLIC SERVICE CO
  ✗ No info found
[293/404] PPL - PPL Corp
  ✓ Description  ✗ Website
[294/404] PRU - PPG INDUSTRIES INC
  ✗ No info found
[295/404] PSA - Public Storage
  ✓ Description  ✗ Website
[296/404] PSEC - BIOSPACE COM INC
  ✗ No info found
[297/404] PSTG - Pure Storage, Inc.
  ✓ Description  ✗ Website
[298/404] PSX - Phillips 66
  ✓ Description  ✗ Website
[299/404] PVH - PVH CORP. /DE/
  ✗ No info found
[300/404] PWR - QUANTA SERVICES, INC.
  ✗ No info found
[301/404] QCOM - QUALCOMM INC/DE
  ✗ No info found
[302/404] RCL - ROYAL CARIBBEAN CRUISES LTD
  ✗ No info found
[303/404] RF - REGIONS FINANCIAL CORP
  ✗ No info found
[304/404] RHI - ROBERT HALF INC.
  ✗ No info found
[305/404] RHP - FURROW SAMUEL J
  ✗ No info found
[306/404] RJF - RAYMOND JAMES FINANCIAL INC
  ✗ No info found
[307/404] RL - RALPH LAUREN CORP
  ✗ No info found
[308/404] RLI - RLI CORP
  ✗ No info found
[309/404] ROK - ROCKWELL AUTOMATION, INC
  ✗ No info found
[310/404] ROP - ROPER TECHNOLOGIES INC
  ✗ No info found
[311/404] ROST - ROSS STORES, INC.
  ✗ No info found
[312/404] RRC - ASHLAND INC
  ✗ No info found
[313/404] RSG - REPUBLIC SERVICES, INC.
  ✗ No info found
[314/404] RTX - RTX Corp
  ✓ Description  ✗ Website
[315/404] SABR - SQN AIF IV, L.P.
  ✗ No info found
[316/404] SBAC - SBA COMMUNICATIONS CORP
  ✗ No info found
[317/404] SBRA - PMC Partners I Access LP
  ✗ No info found
[318/404] SBUX - STARBUCKS CORP
  ✗ No info found
[319/404] SCHW - SCHWAB CHARLES CORP
  ✗ No info found
[320/404] SEE - SEALED AIR CORP/DE
  ✗ No info found
[321/404] SHW - SHERWIN WILLIAMS CO
  ✗ No info found
[322/404] SLB - SCHLUMBERGER LIMITED/NV
  ✗ No info found
[323/404] SLG - SL GREEN REALTY CORP
  ✗ No info found
[324/404] SNA - Snap-on Inc
  ✓ Description  ✗ Website
[325/404] SNV - SEMPRA
  ✗ No info found
[326/404] SO - SOUTHERN CO
  ✗ No info found
[327/404] SPG - SIMON PROPERTY GROUP INC /DE/
  ✗ No info found
[328/404] SPGI - S&P Global Inc.
  ✓ Description  ✗ Website
[329/404] SRE - SAN DIEGO GAS & ELECTRIC CO
  ✗ No info found
[330/404] SSTK - Shutterstock, Inc.
  ✓ Description  ✗ Website
[331/404] STAG - TN-KY Development Fund II LP
  ✗ No info found
[332/404] STT - STATE STREET CORP
  ✗ No info found
[333/404] STZ - CONSTELLATION BRANDS, INC.
  ✗ No info found
[334/404] SWK - STANLEY BLACK & DECKER, INC.
  ✗ No info found
[335/404] SWKS - SKYWORKS SOLUTIONS, INC.
  ✗ No info found
[336/404] SYF - Synchrony Financial
  ✓ Description  ✗ Website
[337/404] SYK - STRYKER CORP
  ✗ No info found
[338/404] SYY - SYSCO CORP
  ✗ No info found
[339/404] T - AT&T INC.
  ✗ No info found
[340/404] TAP - MOLSON COORS BEVERAGE CO
  ✗ No info found
[341/404] TECK - SUPERVALU INC
  ✗ No info found
[342/404] TEL - TE Connectivity plc
  ✗ No info found
[343/404] TER - TERADYNE, INC
  ✗ No info found
[344/404] TEX - TECUMSEH PRODUCTS CO
  ✗ No info found
[345/404] TFC - TRUIST FINANCIAL CORP
  ✗ No info found
[346/404] TFX - DEXCOM INC
  ✗ No info found
[347/404] TGT - TARGET CORPORATION
  ✗ No info found
[348/404] THO - WITTER WILLIAM D INC
  ✗ No info found
[349/404] TJX - TJX COMPANIES INC /DE/
  ✗ No info found
[350/404] TMO - THERMO FISHER SCIENTIFIC INC.
  ✗ No info found
[351/404] TMUS - T-Mobile US, Inc.
  ✓ Description  ✗ Website
[352/404] TROW - Cigna Holding Co
  ✗ No info found
[353/404] TRP - PLAINS ALL AMERICAN PIPELINE LP
  ✗ No info found
[354/404] TRV - TRAVELERS COMPANIES, INC.
  ✗ No info found
[355/404] TSCO - TRACTOR SUPPLY CO /DE/
  ✗ No info found
[356/404] TSE - Tronox Holdings plc
  ✓ Description  ✗ Website
[357/404] TSLA - Tesla, Inc.
  ✓ Description  ✗ Website
[358/404] TSN - TYSON FOODS, INC.
  ✗ No info found
[359/404] TT - Trane Technologies plc
  ✓ Description  ✗ Website
[360/404] TTWO - TAKE TWO INTERACTIVE SOFTWARE INC
  ✗ No info found
[361/404] TWO - ETF Series Solutions
  ✗ No info found
[362/404] TXN - TEXAS INSTRUMENTS INC
  ✗ No info found
[363/404] TXT - TEXTRON INC
  ✗ No info found
[364/404] UBSI - UNITED BANKSHARES INC/WV
  ✗ No info found
[365/404] UE - DEC Associates Inc
  ✗ No info found
[366/404] UHS - UNIVERSAL HEALTH SERVICES INC
  ✗ No info found
[367/404] UHT - UDR, Inc.
  ✓ Description  ✗ Website
[368/404] UNH - UNITEDHEALTH GROUP INC
  ✗ No info found
[369/404] UNM - Unum Group
  ✓ Description  ✗ Website
[370/404] UNP - UNION PACIFIC CORP
  ✗ No info found
[371/404] UPS - UNITED PARCEL SERVICE INC
  ✗ No info found
[372/404] USB - US BANCORP \DE\
  ✗ No info found
[373/404] UVV - UNIVERSAL CORP /VA/
  ✗ No info found
[374/404] V - VISA INC.
  ✗ No info found
[375/404] VICI - Perfect Snax Prime, LLC
  ✗ No info found
[376/404] VLO - VALERO ENERGY CORP/TX
  ✗ No info found
[377/404] VMC - Vulcan Materials CO
  ✗ No info found
[378/404] VNO - VORNADO REALTY TRUST
  ✗ No info found
[379/404] VRTX - VERTEX PHARMACEUTICALS INC / MA
  ✗ No info found
[380/404] VTR - Ventas, Inc.
  ✓ Description  ✗ Website
[381/404] VZ - VERIZON COMMUNICATIONS INC
  ✗ No info found
[382/404] WAB - WESTINGHOUSE AIR BRAKE TECHNOLOGIES CORP
  ✗ No info found
[383/404] WAT - WATERS CORP /DE/
  ✗ No info found
[384/404] WBA - Walgreens Boots Alliance, Inc.
  ✓ Description  ✗ Website
[385/404] WDC - WESTERN DIGITAL CORP
  ✗ No info found
[386/404] WEC - BEL AIR INVESTMENT ADVISORS LLC
  ✗ No info found
[387/404] WEX - HARATUNIAN MICHAEL
  ✗ No info found
[388/404] WFC - WELLS FARGO & COMPANY/MN
  ✗ No info found
[389/404] WHR - WHIRLPOOL CORP /DE/
  ✗ No info found
[390/404] WM - WASTE MANAGEMENT INC
  ✗ No info found
[391/404] WMB - WILLIAMS COMPANIES, INC.
  ✗ No info found
[392/404] WMT - Walmart Inc.
  ✓ Description  ✗ Website
[393/404] WRB - PIONEER CORP /AR/
  ✗ No info found
[394/404] WST - Thomas Michael H
  ✗ No info found
[395/404] WU - Western Union CO
  ✗ No info found
[396/404] WY - WEYERHAEUSER CO
  ✗ No info found
[397/404] XEL - XCEL ENERGY INC
  ✗ No info found
[398/404] XOM - EXXON MOBIL CORP
  ✗ No info found
[399/404] XPO - XPO, Inc.
  ✓ Description  ✗ Website
[400/404] XYL - Xylem Inc.
  ✓ Description  ✗ Website
[401/404] ZBH - ZIMMER BIOMET HOLDINGS, INC.
  ✗ No info found
[402/404] ZBRA - ZEBRA TECHNOLOGIES CORP
  ✗ No info found
[403/404] ZION - ZIONS BANCORPORATION, NATIONAL ASSOCIATION /UT/
  ✗ No info found
[404/404] ZTS - Zoetis Inc.
  ✓ Description  ✗ Website

======================================================================
SUMMARY
======================================================================
Total: 404
  ✓ Full info (desc + website): 0
  ~ Partial info: 82
  ✗ No info: 322
